=============================================
[Thu Apr 16 14:18:05 IST 2026] Starting Studio Auto-Sync...
>>> Syncing Code to GitHub...
[graphify hook] graph.html synced to public/
[main 83b6355] chore(sync): automated studio heartbeat sync
 1 file changed, 4 insertions(+)
 create mode 100644 11_automation/studio_sync/sync.log
To https://github.com/rheavoss/virtual-influencer-studio.git
   e088811..83b6355  main -> main
>>> Syncing High-Value Assets to Drive...
Transferred:   	          0 B / 0 B, -, 0 B/s, ETA -
Checks:                 0 / 0, -, Listed 1
Elapsed time:         0.4sTransferred:   	          0 B / 0 B, -, 0 B/s, ETA -
Checks:                 0 / 0, -, Listed 10
Elapsed time:         0.9sTransferred:   	          0 B / 0 B, -, 0 B/s, ETA -
Checks:                 6 / 6, 100%, Listed 20
Elapsed time:         1.4sTransferred:   	          0 B / 0 B, -, 0 B/s, ETA -
Checks:                 9 / 9, 100%, Listed 23
Elapsed time:         1.6s
Transferred:   	          0 B / 0 B, -, 0 B/s, ETA -
Checks:                 0 / 0, -, Listed 2
Elapsed time:         0.5sTransferred:   	          0 B / 0 B, -, 0 B/s, ETA -
Checks:                 1 / 1, 100%, Listed 6
Elapsed time:         1.0sTransferred:   	          0 B / 0 B, -, 0 B/s, ETA -
Checks:                 1 / 1, 100%, Listed 14
Elapsed time:         1.5sTransferred:   	          0 B / 0 B, -, 0 B/s, ETA -
Checks:                 7 / 7, 100%, Listed 20
Elapsed time:         1.7s
Transferred:   	          0 B / 0 B, -, 0 B/s, ETA -
Checks:                 0 / 0, -, Listed 7
Elapsed time:         0.4sTransferred:   	          0 B / 0 B, -, 0 B/s, ETA -
Checks:                 3 / 3, 100%, Listed 64
Elapsed time:         0.9sTransferred:   	          0 B / 0 B, -, 0 B/s, ETA -
Checks:                53 / 53, 100%, Listed 114
Elapsed time:         1.1s
[Thu Apr 16 14:18:19 IST 2026] Sync Complete!
=============================================
=============================================
[Thu Apr 16 14:48:20 IST 2026] Starting Studio Auto-Sync...
>>> Syncing Code to GitHub...
[graphify hook] graph.html synced to public/
[main e3abb71] chore(sync): automated studio heartbeat sync
 1 file changed, 4 insertions(+)
To https://github.com/rheavoss/virtual-influencer-studio.git
   124d0c3..e3abb71  main -> main
>>> Syncing High-Value Assets to Drive...
Transferred:   	          0 B / 0 B, -, 0 B/s, ETA -
Checks:                 0 / 0, -, Listed 10
Elapsed time:         0.5sTransferred:   	          0 B / 0 B, -, 0 B/s, ETA -
Checks:                 0 / 0, -, Listed 10
Elapsed time:         0.9sTransferred:   	          0 B / 0 B, -, 0 B/s, ETA -
Checks:                 6 / 6, 100%, Listed 20
Elapsed time:         1.4sTransferred:   	          0 B / 0 B, -, 0 B/s, ETA -
Checks:                 9 / 9, 100%, Listed 23
Elapsed time:         1.7s
Transferred:   	          0 B / 0 B, -, 0 B/s, ETA -
Checks:                 0 / 0, -, Listed 2
Elapsed time:         0.5sTransferred:   	          0 B / 0 B, -, 0 B/s, ETA -
Checks:                 1 / 1, 100%, Listed 5
Elapsed time:         1.0sTransferred:   	          0 B / 0 B, -, 0 B/s, ETA -
Checks:                 1 / 1, 100%, Listed 25
Elapsed time:         1.5sTransferred:   	          0 B / 0 B, -, 0 B/s, ETA -
Checks:                20 / 20, 100%, Listed 44
Elapsed time:         1.7s
Transferred:   	          0 B / 0 B, -, 0 B/s, ETA -
Checks:                 0 / 0, -, Listed 7
Elapsed time:         0.4sTransferred:   	          0 B / 0 B, -, 0 B/s, ETA -
Checks:                 3 / 3, 100%, Listed 52
Elapsed time:         0.9sTransferred:   	          0 B / 0 B, -, 0 B/s, ETA -
Checks:                41 / 41, 100%, Listed 90
Elapsed time:         1.3s
[Thu Apr 16 14:48:35 IST 2026] Sync Complete!
=============================================
=============================================
[Thu Apr 16 15:18:35 IST 2026] Starting Studio Auto-Sync...
>>> Syncing Code to GitHub...
[graphify hook] graph.html synced to public/
[main 4d4a2cc] chore(sync): automated studio heartbeat sync
 1 file changed, 4 insertions(+)
To https://github.com/rheavoss/virtual-influencer-studio.git
   25cf72f..4d4a2cc  main -> main
>>> Syncing High-Value Assets to Drive...
Transferred:   	          0 B / 0 B, -, 0 B/s, ETA -
Checks:                 0 / 0, -, Listed 1
Elapsed time:         0.5sTransferred:   	          0 B / 0 B, -, 0 B/s, ETA -
Checks:                 0 / 0, -, Listed 10
Elapsed time:         1.0sTransferred:   	          0 B / 0 B, -, 0 B/s, ETA -
Checks:                 6 / 6, 100%, Listed 20
Elapsed time:         1.4sTransferred:   	          0 B / 0 B, -, 0 B/s, ETA -
Checks:                 9 / 9, 100%, Listed 23
Elapsed time:         1.6s
Transferred:   	          0 B / 0 B, -, 0 B/s, ETA -
Checks:                 0 / 0, -, Listed 2
Elapsed time:         0.5sTransferred:   	          0 B / 0 B, -, 0 B/s, ETA -
Checks:                 1 / 1, 100%, Listed 5
Elapsed time:         0.9sTransferred:   	          0 B / 0 B, -, 0 B/s, ETA -
Checks:                 1 / 1, 100%, Listed 25
Elapsed time:         1.5sTransferred:   	          0 B / 0 B, -, 0 B/s, ETA -
Checks:                20 / 20, 100%, Listed 44
Elapsed time:         1.9s
Transferred:   	          0 B / 0 B, -, 0 B/s, ETA -
Checks:                 0 / 3, 0%, Listed 14
Elapsed time:         0.5sTransferred:   	          0 B / 0 B, -, 0 B/s, ETA -
Checks:                 3 / 3, 100%, Listed 52
Elapsed time:         1.0sTransferred:   	          0 B / 0 B, -, 0 B/s, ETA -
Checks:                41 / 41, 100%, Listed 90
Elapsed time:         1.2s
[Thu Apr 16 15:18:52 IST 2026] Sync Complete!
=============================================
=============================================
[Thu Apr 16 15:48:52 IST 2026] Starting Studio Auto-Sync...
>>> Syncing Code to GitHub...
